[0.505s] Invoking command in '/home/robify/piper_quest/src/oculus_reader': CONDA_PROMPT_MODIFIER=(lerobot) DEBUGINFOD_URLS=https://debuginfod.ubuntu.com PYTHONPATH=/home/robify/piper_quest/build/oculus_reader/prefix_override:/usr/lib/python3/dist-packages/colcon_core/task/python/colcon_distutils_commands:/home/robify/piper_quest/install/oculus_reader/lib/python3.12/site-packages:${PYTHONPATH} /usr/bin/python3 -W ignore:setup.py install is deprecated -W ignore:easy_install command is deprecated setup.py egg_info --egg-base ../../build/oculus_reader build --build-base /home/robify/piper_quest/build/oculus_reader/build install --record /home/robify/piper_quest/build/oculus_reader/install.log --single-version-externally-managed
[0.627s] running egg_info
[0.634s] writing ../../build/oculus_reader/oculus_reader.egg-info/PKG-INFO
[0.634s] writing dependency_links to ../../build/oculus_reader/oculus_reader.egg-info/dependency_links.txt
[0.634s] writing entry points to ../../build/oculus_reader/oculus_reader.egg-info/entry_points.txt
[0.634s] writing requirements to ../../build/oculus_reader/oculus_reader.egg-info/requires.txt
[0.634s] writing top-level names to ../../build/oculus_reader/oculus_reader.egg-info/top_level.txt
[0.649s] reading manifest file '../../build/oculus_reader/oculus_reader.egg-info/SOURCES.txt'
[0.650s] writing manifest file '../../build/oculus_reader/oculus_reader.egg-info/SOURCES.txt'
[0.650s] running build
[0.650s] running build_py
[0.650s] running install
[0.653s] running install_lib
[0.661s] running install_egg_info
[0.669s] removing '/home/robify/piper_quest/install/oculus_reader/lib/python3.12/site-packages/oculus_reader-0.0.1-py3.12.egg-info' (and everything under it)
[0.669s] Copying ../../build/oculus_reader/oculus_reader.egg-info to /home/robify/piper_quest/install/oculus_reader/lib/python3.12/site-packages/oculus_reader-0.0.1-py3.12.egg-info
[0.669s] running install_scripts
[0.728s] Installing oculus_node script to /home/robify/piper_quest/install/oculus_reader/lib/oculus_reader
[0.728s] writing list of installed files to '/home/robify/piper_quest/build/oculus_reader/install.log'
[0.741s] Invoked command in '/home/robify/piper_quest/src/oculus_reader' returned '0': CONDA_PROMPT_MODIFIER=(lerobot) DEBUGINFOD_URLS=https://debuginfod.ubuntu.com PYTHONPATH=/home/robify/piper_quest/build/oculus_reader/prefix_override:/usr/lib/python3/dist-packages/colcon_core/task/python/colcon_distutils_commands:/home/robify/piper_quest/install/oculus_reader/lib/python3.12/site-packages:${PYTHONPATH} /usr/bin/python3 -W ignore:setup.py install is deprecated -W ignore:easy_install command is deprecated setup.py egg_info --egg-base ../../build/oculus_reader build --build-base /home/robify/piper_quest/build/oculus_reader/build install --record /home/robify/piper_quest/build/oculus_reader/install.log --single-version-externally-managed
